\BOOKMARK [0][-]{chapter.2}{A Robust Ensemble Approach to Learn From Positive and Unlabeled Data Using SVM Base Models}{}% 6
\BOOKMARK [1][-]{section.2.1}{Introduction}{chapter.2}% 7
\BOOKMARK [1][-]{section.2.2}{Related work}{chapter.2}% 8
\BOOKMARK [2][-]{subsection.2.2.1}{Class-weighted SVM}{section.2.2}% 9
\BOOKMARK [2][-]{subsection.2.2.2}{Bagging SVM}{section.2.2}% 10
\BOOKMARK [1][-]{section.2.3}{Robust Ensemble of SVMs}{chapter.2}% 11
\BOOKMARK [2][-]{subsection.2.3.1}{Bootstrap resampling contaminated sets}{section.2.3}% 12
\BOOKMARK [2][-]{subsection.2.3.2}{Bagging predictors}{section.2.3}% 13
\BOOKMARK [2][-]{subsection.2.3.3}{Justification of the RESVM algorithm}{section.2.3}% 14
\BOOKMARK [2][-]{subsection.2.3.4}{RESVM training}{section.2.3}% 15
\BOOKMARK [2][-]{subsection.2.3.5}{RESVM prediction}{section.2.3}% 16
\BOOKMARK [1][-]{section.2.4}{Experimental setup}{chapter.2}% 17
\BOOKMARK [2][-]{subsection.2.4.1}{Simulation setup}{section.2.4}% 18
\BOOKMARK [2][-]{subsection.2.4.2}{Data sets}{section.2.4}% 19
\BOOKMARK [1][-]{section.2.5}{Results and discussion}{chapter.2}% 20
\BOOKMARK [2][-]{subsection.2.5.1}{Results for supervised classification}{section.2.5}% 21
\BOOKMARK [2][-]{subsection.2.5.2}{Results for PU learning}{section.2.5}% 22
\BOOKMARK [2][-]{subsection.2.5.3}{Results of semi-supervised classification}{section.2.5}% 23
\BOOKMARK [2][-]{subsection.2.5.4}{A note on the number of repetitions per experiment}{section.2.5}% 24
\BOOKMARK [2][-]{subsection.2.5.5}{Trend across data sets}{section.2.5}% 25
\BOOKMARK [2][-]{subsection.2.5.6}{Effect of contamination}{section.2.5}% 26
\BOOKMARK [2][-]{subsection.2.5.7}{RESVM optimal parameters}{section.2.5}% 27
\BOOKMARK [1][-]{section.2.6}{Conclusion}{chapter.2}% 28
